<?xml version="1.0" encoding="UTF-8"?>
<testsuite name="com.example.usagi_tienda_app.domain.validators.ValidatorsTest" tests="6" skipped="0" failures="0" errors="0" timestamp="2025-11-27T22:44:16.515Z" hostname="DESKTOP-NFF5OJQ" time="0.045">
  <properties/>
  <testcase name="Then: retorna isValid=true" classname="com.example.usagi_tienda_app.domain.validators.ValidatorsTest" time="0.019"/>
  <testcase name="Then: retorna isValid=false" classname="com.example.usagi_tienda_app.domain.validators.ValidatorsTest" time="0.001"/>
  <testcase name="Then: retorna isValid=true" classname="com.example.usagi_tienda_app.domain.validators.ValidatorsTest" time="0.002"/>
  <testcase name="Then: retorna isValid=false" classname="com.example.usagi_tienda_app.domain.validators.ValidatorsTest" time="0.001"/>
  <testcase name="Then: retorna isValid=true" classname="com.example.usagi_tienda_app.domain.validators.ValidatorsTest" time="0.0"/>
  <testcase name="Then: retorna isValid=false" classname="com.example.usagi_tienda_app.domain.validators.ValidatorsTest" time="0.001"/>
  <system-out><![CDATA[]]></system-out>
  <system-err><![CDATA[]]></system-err>
</testsuite>
