<?xml version="1.0" encoding="UTF-8"?>
<testsuite name="com.example.usagi_tienda_app.presentation.photos.PhotosViewModelTest" tests="2" skipped="0" failures="0" errors="0" timestamp="2025-11-27T22:44:00.663Z" hostname="DESKTOP-NFF5OJQ" time="0.033">
  <properties/>
  <testcase name="Then: el estado pasa a cargando y luego contiene las fotos" classname="com.example.usagi_tienda_app.presentation.photos.PhotosViewModelTest" time="0.021"/>
  <testcase name="Then: el estado final refleja error y sin fotos" classname="com.example.usagi_tienda_app.presentation.photos.PhotosViewModelTest" time="0.001"/>
  <system-out><![CDATA[]]></system-out>
  <system-err><![CDATA[WARNING: A Java agent has been loaded dynamically (C:\Users\basti\.gradle\caches\8.13\transforms\949cbfc8eabf5698db39035ad83cb92d\transformed\jetified-byte-buddy-agent-1.14.6.jar)
WARNING: If a serviceability tool is in use, please run with -XX:+EnableDynamicAgentLoading to hide this warning
WARNING: If a serviceability tool is not in use, please run with -Djdk.instrument.traceUsage for more information
WARNING: Dynamic loading of agents will be disallowed by default in a future release
]]></system-err>
</testsuite>
